<?xml version="1.0" encoding="UTF-8"?>
<!-- Generated by org.testng.reporters.JUnitReportReporter -->
<testsuite hostname="Srikanths-MacBook-Air.local" failures="0" tests="1" name="testcases.T002_searchproduct" time="4.631" errors="0" timestamp="2024-12-31T17:36:53 IST" skipped="0">
  <testcase classname="testcases.T002_searchproduct" name="signin" time="4.631"/>
  <system-out/>
</testsuite> <!-- testcases.T002_searchproduct -->
