<?xml version="1.0" encoding="UTF-8"?>
<!-- Generated by org.testng.reporters.JUnitReportReporter -->
<testsuite hostname="Srikanths-MacBook-Air.local" failures="0" tests="1" name="testcases.TC001_amazon" time="14.636" errors="0" timestamp="2024-12-31T19:37:43 IST" skipped="0">
  <testcase classname="testcases.TC001_amazon" name="Amazon" time="14.636"/>
  <system-out/>
</testsuite> <!-- testcases.TC001_amazon -->
