<?xml version="1.0" encoding="UTF-8"?>
<!-- Generated by org.testng.reporters.JUnitReportReporter -->
<testsuite hostname="Srikanths-MacBook-Air.local" failures="0" tests="1" name="testcases.TC001_amazon" time="22.205" errors="0" timestamp="2025-01-07T20:48:39 IST" skipped="0">
  <testcase classname="testcases.TC001_amazon" name="Amazon" time="22.205"/>
  <system-out/>
</testsuite> <!-- testcases.TC001_amazon -->
