<?xml version="1.0" encoding="UTF-8"?>
<!-- Generated by org.testng.reporters.JUnitReportReporter -->
<testsuite hostname="Srikanths-MacBook-Air.local" failures="0" tests="1" name="testcases.TC001_amazon" time="15.103" errors="0" timestamp="2024-12-31T18:57:12 IST" skipped="0">
  <testcase classname="testcases.TC001_amazon" name="Amazon" time="15.103"/>
  <system-out/>
</testsuite> <!-- testcases.TC001_amazon -->
