<?xml version="1.0" encoding="UTF-8"?>
<!-- Generated by org.testng.reporters.JUnitReportReporter -->
<testsuite hostname="Srikanths-MacBook-Air.local" failures="0" tests="1" name="testcases.T001_login" time="2.628" errors="0" timestamp="2024-12-30T17:51:19 IST" skipped="0">
  <testcase classname="testcases.T001_login" name="verify_login" time="2.628"/>
  <system-out/>
</testsuite> <!-- testcases.T001_login -->
